<?xml version="1.0" encoding="UTF-8"?>
<testsuite name="Comprehensive E2E API Tests - Complete Flow" tests="14" skipped="0" failures="0" errors="0" timestamp="2025-12-11T08:51:30.633Z" hostname="DESKTOP-JU73M0Q" time="5.187">
  <properties/>
  <testcase name="01_INVENTORY_GET_STATUS - GET /api/inventory/{productId}/status" classname="com.testautomation.tests.ComprehensiveApiTest" time="4.083"/>
  <testcase name="02_INVENTORY_RESERVE - PUT /api/inventory/{productId}/reserve" classname="com.testautomation.tests.ComprehensiveApiTest" time="0.166"/>
  <testcase name="03_CART_ADD_ITEM - POST /api/cart/{userId}/items" classname="com.testautomation.tests.ComprehensiveApiTest" time="0.079"/>
  <testcase name="04_CART_GET - GET /api/cart/{userId}" classname="com.testautomation.tests.ComprehensiveApiTest" time="0.047"/>
  <testcase name="05_CART_CALCULATE - POST /api/cart/{userId}/calculate" classname="com.testautomation.tests.ComprehensiveApiTest" time="0.039"/>
  <testcase name="06_ORDER_CREATE - POST /api/orders" classname="com.testautomation.tests.ComprehensiveApiTest" time="0.135"/>
  <testcase name="07_ORDER_READ - GET /api/orders/{orderId}" classname="com.testautomation.tests.ComprehensiveApiTest" time="0.083"/>
  <testcase name="08_ORDER_UPDATE_STATUS - PUT /api/orders/{orderId}/status" classname="com.testautomation.tests.ComprehensiveApiTest" time="0.054"/>
  <testcase name="09_ORDER_VERIFY - Final order verification" classname="com.testautomation.tests.ComprehensiveApiTest" time="0.051"/>
  <testcase name="10_PAYMENT_PROCESS - POST /api/payments/process" classname="com.testautomation.tests.ComprehensiveApiTest" time="0.056"/>
  <testcase name="11_PAYMENT_STATUS - GET /api/payments/{paymentId}/status" classname="com.testautomation.tests.ComprehensiveApiTest" time="0.031"/>
  <testcase name="12_NEGATIVE_INVALID_PRODUCT - GET invalid inventory" classname="com.testautomation.tests.ComprehensiveApiTest" time="0.037"/>
  <testcase name="13_NEGATIVE_INVALID_QUANTITY - PUT release with negative qty" classname="com.testautomation.tests.ComprehensiveApiTest" time="0.036"/>
  <testcase name="14_NEGATIVE_PAYMENT_MISSING_ORDERID - POST payment without orderId" classname="com.testautomation.tests.ComprehensiveApiTest" time="0.075"/>
  <system-out><![CDATA[09:51:30.451 [Test worker] INFO  c.testautomation.helpers.TestLogger - ========================================
09:51:30.451 [Test worker] INFO  c.testautomation.helpers.TestLogger - ========================================
09:51:30.465 [Test worker] INFO  c.testautomation.helpers.TestLogger - TEST START: ComprehensiveApiTest Init
09:51:30.465 [Test worker] INFO  c.testautomation.helpers.TestLogger - TEST START: ComprehensiveApiTest Init
09:51:30.465 [Test worker] INFO  c.testautomation.helpers.TestLogger - ========================================
09:51:30.465 [Test worker] INFO  c.testautomation.helpers.TestLogger - ========================================
09:51:30.537 [Test worker] INFO  c.testautomation.helpers.TestLogger - Initialized with userId: user1, productId: laptop1
09:51:30.537 [Test worker] INFO  c.testautomation.helpers.TestLogger - Initialized with userId: user1, productId: laptop1
09:51:30.638 [Test worker] INFO  c.testautomation.helpers.TestLogger - ========================================
09:51:30.638 [Test worker] INFO  c.testautomation.helpers.TestLogger - ========================================
09:51:30.638 [Test worker] INFO  c.testautomation.helpers.TestLogger - TEST START: inventory_get_status
09:51:30.638 [Test worker] INFO  c.testautomation.helpers.TestLogger - TEST START: inventory_get_status
09:51:30.638 [Test worker] INFO  c.testautomation.helpers.TestLogger - ========================================
09:51:30.638 [Test worker] INFO  c.testautomation.helpers.TestLogger - ========================================
09:51:30.638 [Test worker] DEBUG c.testautomation.helpers.TestLogger - API CALL: GET /api/inventory/laptop1/status
09:51:30.638 [Test worker] DEBUG c.testautomation.helpers.TestLogger - API CALL: GET /api/inventory/laptop1/status
Request method:	GET
Request URI:	http://localhost:8080/api/api/inventory/laptop1/status
Proxy:			<none>
Request params:	<none>
Query params:	<none>
Form params:	<none>
Path params:	<none>
Headers:		Accept=application/json
				Content-Type=application/json
Cookies:		<none>
Multiparts:		<none>
Body:			<none>
09:51:33.586 [Test worker] DEBUG c.testautomation.helpers.TestLogger - RESPONSE: Status=200, Body={"success":true,"code":"SUCCESS","message":"Operation completed successfully","data":{"productId":"laptop1","totalStock":10,"reservedQuantity":0,"availableQuantity":10,"price":1299.99,"category":"Electronics","productName":"Gaming Laptop"},"timestamp":"2025-12-11T09:51:33.3844154"}
09:51:33.586 [Test worker] DEBUG c.testautomation.helpers.TestLogger - RESPONSE: Status=200, Body={"success":true,"code":"SUCCESS","message":"Operation completed successfully","data":{"productId":"laptop1","totalStock":10,"reservedQuantity":0,"availableQuantity":10,"price":1299.99,"category":"Electronics","productName":"Gaming Laptop"},"timestamp":"2025-12-11T09:51:33.3844154"}
GET INVENTORY Response: {"success":true,"code":"SUCCESS","message":"Operation completed successfully","data":{"productId":"laptop1","totalStock":10,"reservedQuantity":0,"availableQuantity":10,"price":1299.99,"category":"Electronics","productName":"Gaming Laptop"},"timestamp":"2025-12-11T09:51:33.3844154"}
09:51:34.701 [Test worker] INFO  c.testautomation.helpers.TestLogger - ========================================
09:51:34.701 [Test worker] INFO  c.testautomation.helpers.TestLogger - ========================================
09:51:34.701 [Test worker] INFO  c.testautomation.helpers.TestLogger - TEST END: inventory_get_status
09:51:34.701 [Test worker] INFO  c.testautomation.helpers.TestLogger - TEST END: inventory_get_status
09:51:34.701 [Test worker] INFO  c.testautomation.helpers.TestLogger - ========================================
09:51:34.701 [Test worker] INFO  c.testautomation.helpers.TestLogger - ========================================
09:51:34.834 [Test worker] INFO  c.testautomation.helpers.TestLogger - ========================================
09:51:34.834 [Test worker] INFO  c.testautomation.helpers.TestLogger - ========================================
09:51:34.834 [Test worker] INFO  c.testautomation.helpers.TestLogger - TEST START: inventory_reserve
09:51:34.834 [Test worker] INFO  c.testautomation.helpers.TestLogger - TEST START: inventory_reserve
09:51:34.839 [Test worker] INFO  c.testautomation.helpers.TestLogger - ========================================
09:51:34.839 [Test worker] INFO  c.testautomation.helpers.TestLogger - ========================================
09:51:34.839 [Test worker] DEBUG c.testautomation.helpers.TestLogger - API CALL: PUT /api/inventory/laptop1/reserve
09:51:34.839 [Test worker] DEBUG c.testautomation.helpers.TestLogger - API CALL: PUT /api/inventory/laptop1/reserve
Request method:	PUT
Request URI:	http://localhost:8080/api/api/inventory/laptop1/reserve
Proxy:			<none>
Request params:	<none>
Query params:	<none>
Form params:	<none>
Path params:	<none>
Headers:		Accept=application/json
				Content-Type=application/json
Cookies:		<none>
Multiparts:		<none>
Body:
{
    "quantity": 1
}
09:51:34.976 [Test worker] DEBUG c.testautomation.helpers.TestLogger - RESPONSE: Status=200, Body={"success":true,"code":"SUCCESS","message":"Operation completed successfully","data":{"productId":"laptop1","reservedQuantity":1,"totalReserved":2,"availableQuantity":8},"timestamp":"2025-12-11T09:51:34.9764648"}
09:51:34.976 [Test worker] DEBUG c.testautomation.helpers.TestLogger - RESPONSE: Status=200, Body={"success":true,"code":"SUCCESS","message":"Operation completed successfully","data":{"productId":"laptop1","reservedQuantity":1,"totalReserved":2,"availableQuantity":8},"timestamp":"2025-12-11T09:51:34.9764648"}
RESERVE INVENTORY Response: {"success":true,"code":"SUCCESS","message":"Operation completed successfully","data":{"productId":"laptop1","reservedQuantity":1,"totalReserved":2,"availableQuantity":8},"timestamp":"2025-12-11T09:51:34.9764648"}
09:51:35.000 [Test worker] INFO  c.testautomation.helpers.TestLogger - ========================================
09:51:35.000 [Test worker] INFO  c.testautomation.helpers.TestLogger - ========================================
09:51:35.000 [Test worker] INFO  c.testautomation.helpers.TestLogger - TEST END: inventory_reserve
09:51:35.000 [Test worker] INFO  c.testautomation.helpers.TestLogger - TEST END: inventory_reserve
09:51:35.000 [Test worker] INFO  c.testautomation.helpers.TestLogger - ========================================
09:51:35.000 [Test worker] INFO  c.testautomation.helpers.TestLogger - ========================================
09:51:35.009 [Test worker] INFO  c.testautomation.helpers.TestLogger - ========================================
09:51:35.009 [Test worker] INFO  c.testautomation.helpers.TestLogger - ========================================
09:51:35.009 [Test worker] INFO  c.testautomation.helpers.TestLogger - TEST START: cart_add_item
09:51:35.009 [Test worker] INFO  c.testautomation.helpers.TestLogger - TEST START: cart_add_item
09:51:35.009 [Test worker] INFO  c.testautomation.helpers.TestLogger - ========================================
09:51:35.009 [Test worker] INFO  c.testautomation.helpers.TestLogger - ========================================
09:51:35.009 [Test worker] DEBUG c.testautomation.helpers.TestLogger - API CALL: POST /api/cart/user1/items
09:51:35.009 [Test worker] DEBUG c.testautomation.helpers.TestLogger - API CALL: POST /api/cart/user1/items
Request method:	POST
Request URI:	http://localhost:8080/api/api/cart/user1/items
Proxy:			<none>
Request params:	<none>
Query params:	<none>
Form params:	<none>
Path params:	<none>
Headers:		Accept=application/json
				Content-Type=application/json
Cookies:		<none>
Multiparts:		<none>
Body:
{
    "productId": "laptop1",
    "quantity": 1
}
09:51:35.066 [Test worker] DEBUG c.testautomation.helpers.TestLogger - RESPONSE: Status=200, Body={"success":true,"code":"SUCCESS","message":"Operation completed successfully","data":{"productName":"Gaming Laptop","quantity":1,"unitPrice":1299.99,"itemId":"1ea6bc47-7614-4c26-95e0-80814bd84de5"},"timestamp":"2025-12-11T09:51:35.0599128"}
09:51:35.066 [Test worker] DEBUG c.testautomation.helpers.TestLogger - RESPONSE: Status=200, Body={"success":true,"code":"SUCCESS","message":"Operation completed successfully","data":{"productName":"Gaming Laptop","quantity":1,"unitPrice":1299.99,"itemId":"1ea6bc47-7614-4c26-95e0-80814bd84de5"},"timestamp":"2025-12-11T09:51:35.0599128"}
ADD ITEM TO CART Response: {"success":true,"code":"SUCCESS","message":"Operation completed successfully","data":{"productName":"Gaming Laptop","quantity":1,"unitPrice":1299.99,"itemId":"1ea6bc47-7614-4c26-95e0-80814bd84de5"},"timestamp":"2025-12-11T09:51:35.0599128"}
09:51:35.085 [Test worker] INFO  c.testautomation.helpers.TestLogger - ========================================
09:51:35.085 [Test worker] INFO  c.testautomation.helpers.TestLogger - ========================================
09:51:35.085 [Test worker] INFO  c.testautomation.helpers.TestLogger - TEST END: cart_add_item
09:51:35.085 [Test worker] INFO  c.testautomation.helpers.TestLogger - TEST END: cart_add_item
09:51:35.085 [Test worker] INFO  c.testautomation.helpers.TestLogger - ========================================
09:51:35.085 [Test worker] INFO  c.testautomation.helpers.TestLogger - ========================================
09:51:35.100 [Test worker] INFO  c.testautomation.helpers.TestLogger - ========================================
09:51:35.100 [Test worker] INFO  c.testautomation.helpers.TestLogger - ========================================
09:51:35.100 [Test worker] INFO  c.testautomation.helpers.TestLogger - TEST START: cart_get
09:51:35.100 [Test worker] INFO  c.testautomation.helpers.TestLogger - TEST START: cart_get
09:51:35.100 [Test worker] INFO  c.testautomation.helpers.TestLogger - ========================================
09:51:35.100 [Test worker] INFO  c.testautomation.helpers.TestLogger - ========================================
09:51:35.100 [Test worker] DEBUG c.testautomation.helpers.TestLogger - API CALL: GET /api/cart/user1
09:51:35.100 [Test worker] DEBUG c.testautomation.helpers.TestLogger - API CALL: GET /api/cart/user1
Request method:	GET
Request URI:	http://localhost:8080/api/api/cart/user1
Proxy:			<none>
Request params:	<none>
Query params:	<none>
Form params:	<none>
Path params:	<none>
Headers:		Accept=application/json
				Content-Type=application/json
Cookies:		<none>
Multiparts:		<none>
Body:			<none>
09:51:35.143 [Test worker] DEBUG c.testautomation.helpers.TestLogger - RESPONSE: Status=200, Body={"success":true,"code":"SUCCESS","message":"Operation completed successfully","data":{"userId":"user1","items":[{"itemId":"1ea6bc47-7614-4c26-95e0-80814bd84de5","productId":"laptop1","productName":"Gaming Laptop","quantity":1,"unitPrice":1299.99,"totalPrice":1299.99}],"subtotal":0.0,"tax":0.0,"total":0.0,"discountCode":null,"discountAmount":0.0},"timestamp":"2025-12-11T09:51:35.1328081"}
09:51:35.143 [Test worker] DEBUG c.testautomation.helpers.TestLogger - RESPONSE: Status=200, Body={"success":true,"code":"SUCCESS","message":"Operation completed successfully","data":{"userId":"user1","items":[{"itemId":"1ea6bc47-7614-4c26-95e0-80814bd84de5","productId":"laptop1","productName":"Gaming Laptop","quantity":1,"unitPrice":1299.99,"totalPrice":1299.99}],"subtotal":0.0,"tax":0.0,"total":0.0,"discountCode":null,"discountAmount":0.0},"timestamp":"2025-12-11T09:51:35.1328081"}
GET CART Response: {"success":true,"code":"SUCCESS","message":"Operation completed successfully","data":{"userId":"user1","items":[{"itemId":"1ea6bc47-7614-4c26-95e0-80814bd84de5","productId":"laptop1","productName":"Gaming Laptop","quantity":1,"unitPrice":1299.99,"totalPrice":1299.99}],"subtotal":0.0,"tax":0.0,"total":0.0,"discountCode":null,"discountAmount":0.0},"timestamp":"2025-12-11T09:51:35.1328081"}
09:51:35.145 [Test worker] INFO  c.testautomation.helpers.TestLogger - ========================================
09:51:35.145 [Test worker] INFO  c.testautomation.helpers.TestLogger - ========================================
09:51:35.145 [Test worker] INFO  c.testautomation.helpers.TestLogger - TEST END: cart_get
09:51:35.145 [Test worker] INFO  c.testautomation.helpers.TestLogger - TEST END: cart_get
09:51:35.145 [Test worker] INFO  c.testautomation.helpers.TestLogger - ========================================
09:51:35.145 [Test worker] INFO  c.testautomation.helpers.TestLogger - ========================================
09:51:35.155 [Test worker] INFO  c.testautomation.helpers.TestLogger - ========================================
09:51:35.155 [Test worker] INFO  c.testautomation.helpers.TestLogger - ========================================
09:51:35.157 [Test worker] INFO  c.testautomation.helpers.TestLogger - TEST START: cart_calculate
09:51:35.157 [Test worker] INFO  c.testautomation.helpers.TestLogger - TEST START: cart_calculate
09:51:35.157 [Test worker] INFO  c.testautomation.helpers.TestLogger - ========================================
09:51:35.157 [Test worker] INFO  c.testautomation.helpers.TestLogger - ========================================
09:51:35.157 [Test worker] DEBUG c.testautomation.helpers.TestLogger - API CALL: POST /api/cart/user1/calculate
09:51:35.157 [Test worker] DEBUG c.testautomation.helpers.TestLogger - API CALL: POST /api/cart/user1/calculate
Request method:	POST
Request URI:	http://localhost:8080/api/api/cart/user1/calculate
Proxy:			<none>
Request params:	<none>
Query params:	<none>
Form params:	<none>
Path params:	<none>
Headers:		Accept=application/json
				Content-Type=application/json
Cookies:		<none>
Multiparts:		<none>
Body:			<none>
09:51:35.191 [Test worker] DEBUG c.testautomation.helpers.TestLogger - RESPONSE: Status=200, Body={"success":true,"code":"SUCCESS","message":"Operation completed successfully","data":{"userId":"user1","items":[{"itemId":"1ea6bc47-7614-4c26-95e0-80814bd84de5","productId":"laptop1","productName":"Gaming Laptop","quantity":1,"unitPrice":1299.99,"totalPrice":1299.99}],"subtotal":1299.99,"tax":103.9992,"total":1403.9892,"discountCode":null,"discountAmount":0.0},"timestamp":"2025-12-11T09:51:35.1841907"}
09:51:35.191 [Test worker] DEBUG c.testautomation.helpers.TestLogger - RESPONSE: Status=200, Body={"success":true,"code":"SUCCESS","message":"Operation completed successfully","data":{"userId":"user1","items":[{"itemId":"1ea6bc47-7614-4c26-95e0-80814bd84de5","productId":"laptop1","productName":"Gaming Laptop","quantity":1,"unitPrice":1299.99,"totalPrice":1299.99}],"subtotal":1299.99,"tax":103.9992,"total":1403.9892,"discountCode":null,"discountAmount":0.0},"timestamp":"2025-12-11T09:51:35.1841907"}
CALCULATE CART Response: {"success":true,"code":"SUCCESS","message":"Operation completed successfully","data":{"userId":"user1","items":[{"itemId":"1ea6bc47-7614-4c26-95e0-80814bd84de5","productId":"laptop1","productName":"Gaming Laptop","quantity":1,"unitPrice":1299.99,"totalPrice":1299.99}],"subtotal":1299.99,"tax":103.9992,"total":1403.9892,"discountCode":null,"discountAmount":0.0},"timestamp":"2025-12-11T09:51:35.1841907"}
09:51:35.192 [Test worker] INFO  c.testautomation.helpers.TestLogger - ========================================
09:51:35.192 [Test worker] INFO  c.testautomation.helpers.TestLogger - ========================================
09:51:35.193 [Test worker] INFO  c.testautomation.helpers.TestLogger - TEST END: cart_calculate
09:51:35.193 [Test worker] INFO  c.testautomation.helpers.TestLogger - TEST END: cart_calculate
09:51:35.193 [Test worker] INFO  c.testautomation.helpers.TestLogger - ========================================
09:51:35.193 [Test worker] INFO  c.testautomation.helpers.TestLogger - ========================================
09:51:35.200 [Test worker] INFO  c.testautomation.helpers.TestLogger - ========================================
09:51:35.200 [Test worker] INFO  c.testautomation.helpers.TestLogger - ========================================
09:51:35.202 [Test worker] INFO  c.testautomation.helpers.TestLogger - TEST START: order_create
09:51:35.202 [Test worker] INFO  c.testautomation.helpers.TestLogger - TEST START: order_create
09:51:35.202 [Test worker] INFO  c.testautomation.helpers.TestLogger - ========================================
09:51:35.202 [Test worker] INFO  c.testautomation.helpers.TestLogger - ========================================
09:51:35.202 [Test worker] DEBUG c.testautomation.helpers.TestLogger - API CALL: POST /api/orders
09:51:35.202 [Test worker] DEBUG c.testautomation.helpers.TestLogger - API CALL: POST /api/orders
Request method:	POST
Request URI:	http://localhost:8080/api/api/orders
Proxy:			<none>
Request params:	<none>
Query params:	<none>
Form params:	<none>
Path params:	<none>
Headers:		Accept=application/json
				Content-Type=application/json
Cookies:		<none>
Multiparts:		<none>
Body:
{
    "userId": "user1"
}
09:51:35.241 [Test worker] DEBUG c.testautomation.helpers.TestLogger - RESPONSE: Status=200, Body={"success":true,"code":"SUCCESS","message":"Operation completed successfully","data":{"orderId":"9382df36-53de-47ad-acf7-3883f28db88d","status":"CREATED","createdAt":"2025-12-11T09:51:35.2352691","total":1403.9892},"timestamp":"2025-12-11T09:51:35.2352691"}
09:51:35.241 [Test worker] DEBUG c.testautomation.helpers.TestLogger - RESPONSE: Status=200, Body={"success":true,"code":"SUCCESS","message":"Operation completed successfully","data":{"orderId":"9382df36-53de-47ad-acf7-3883f28db88d","status":"CREATED","createdAt":"2025-12-11T09:51:35.2352691","total":1403.9892},"timestamp":"2025-12-11T09:51:35.2352691"}
CREATE ORDER Response: {"success":true,"code":"SUCCESS","message":"Operation completed successfully","data":{"orderId":"9382df36-53de-47ad-acf7-3883f28db88d","status":"CREATED","createdAt":"2025-12-11T09:51:35.2352691","total":1403.9892},"timestamp":"2025-12-11T09:51:35.2352691"}
09:51:35.318 [Test worker] INFO  c.testautomation.helpers.TestLogger - Created OrderId: 9382df36-53de-47ad-acf7-3883f28db88d
09:51:35.318 [Test worker] INFO  c.testautomation.helpers.TestLogger - Created OrderId: 9382df36-53de-47ad-acf7-3883f28db88d
09:51:35.326 [Test worker] INFO  c.testautomation.helpers.TestLogger - Order Total: 1403.9893
09:51:35.326 [Test worker] INFO  c.testautomation.helpers.TestLogger - Order Total: 1403.9893
09:51:35.334 [Test worker] INFO  c.testautomation.helpers.TestLogger - ========================================
09:51:35.334 [Test worker] INFO  c.testautomation.helpers.TestLogger - ========================================
09:51:35.334 [Test worker] INFO  c.testautomation.helpers.TestLogger - TEST END: order_create
09:51:35.334 [Test worker] INFO  c.testautomation.helpers.TestLogger - TEST END: order_create
09:51:35.334 [Test worker] INFO  c.testautomation.helpers.TestLogger - ========================================
09:51:35.334 [Test worker] INFO  c.testautomation.helpers.TestLogger - ========================================
09:51:35.343 [Test worker] INFO  c.testautomation.helpers.TestLogger - ========================================
09:51:35.343 [Test worker] INFO  c.testautomation.helpers.TestLogger - ========================================
09:51:35.343 [Test worker] INFO  c.testautomation.helpers.TestLogger - TEST START: order_read
09:51:35.343 [Test worker] INFO  c.testautomation.helpers.TestLogger - TEST START: order_read
09:51:35.343 [Test worker] INFO  c.testautomation.helpers.TestLogger - ========================================
09:51:35.343 [Test worker] INFO  c.testautomation.helpers.TestLogger - ========================================
09:51:35.343 [Test worker] DEBUG c.testautomation.helpers.TestLogger - API CALL: GET /api/orders/9382df36-53de-47ad-acf7-3883f28db88d
09:51:35.343 [Test worker] DEBUG c.testautomation.helpers.TestLogger - API CALL: GET /api/orders/9382df36-53de-47ad-acf7-3883f28db88d
Request method:	GET
Request URI:	http://localhost:8080/api/api/orders/9382df36-53de-47ad-acf7-3883f28db88d
Proxy:			<none>
Request params:	<none>
Query params:	<none>
Form params:	<none>
Path params:	<none>
Headers:		Accept=application/json
				Content-Type=application/json
Cookies:		<none>
Multiparts:		<none>
Body:			<none>
09:51:35.373 [Test worker] DEBUG c.testautomation.helpers.TestLogger - RESPONSE: Status=200, Body={"success":true,"code":"SUCCESS","message":"Operation completed successfully","data":{"orderId":"9382df36-53de-47ad-acf7-3883f28db88d","userId":"user1","items":[{"itemId":"1ea6bc47-7614-4c26-95e0-80814bd84de5","productId":"laptop1","productName":"Gaming Laptop","quantity":1,"unitPrice":1299.99,"totalPrice":1299.99}],"total":1403.9892,"status":"CREATED","paymentId":null,"createdAt":"2025-12-11T09:51:35.2352691"},"timestamp":"2025-12-11T09:51:35.3678357"}
09:51:35.373 [Test worker] DEBUG c.testautomation.helpers.TestLogger - RESPONSE: Status=200, Body={"success":true,"code":"SUCCESS","message":"Operation completed successfully","data":{"orderId":"9382df36-53de-47ad-acf7-3883f28db88d","userId":"user1","items":[{"itemId":"1ea6bc47-7614-4c26-95e0-80814bd84de5","productId":"laptop1","productName":"Gaming Laptop","quantity":1,"unitPrice":1299.99,"totalPrice":1299.99}],"total":1403.9892,"status":"CREATED","paymentId":null,"createdAt":"2025-12-11T09:51:35.2352691"},"timestamp":"2025-12-11T09:51:35.3678357"}
READ ORDER Response: {"success":true,"code":"SUCCESS","message":"Operation completed successfully","data":{"orderId":"9382df36-53de-47ad-acf7-3883f28db88d","userId":"user1","items":[{"itemId":"1ea6bc47-7614-4c26-95e0-80814bd84de5","productId":"laptop1","productName":"Gaming Laptop","quantity":1,"unitPrice":1299.99,"totalPrice":1299.99}],"total":1403.9892,"status":"CREATED","paymentId":null,"createdAt":"2025-12-11T09:51:35.2352691"},"timestamp":"2025-12-11T09:51:35.3678357"}
09:51:35.426 [Test worker] INFO  c.testautomation.helpers.TestLogger - ========================================
09:51:35.426 [Test worker] INFO  c.testautomation.helpers.TestLogger - ========================================
09:51:35.426 [Test worker] INFO  c.testautomation.helpers.TestLogger - TEST END: order_read
09:51:35.426 [Test worker] INFO  c.testautomation.helpers.TestLogger - TEST END: order_read
09:51:35.426 [Test worker] INFO  c.testautomation.helpers.TestLogger - ========================================
09:51:35.426 [Test worker] INFO  c.testautomation.helpers.TestLogger - ========================================
09:51:35.434 [Test worker] INFO  c.testautomation.helpers.TestLogger - ========================================
09:51:35.434 [Test worker] INFO  c.testautomation.helpers.TestLogger - ========================================
09:51:35.434 [Test worker] INFO  c.testautomation.helpers.TestLogger - TEST START: order_update_status
09:51:35.434 [Test worker] INFO  c.testautomation.helpers.TestLogger - TEST START: order_update_status
09:51:35.434 [Test worker] INFO  c.testautomation.helpers.TestLogger - ========================================
09:51:35.434 [Test worker] INFO  c.testautomation.helpers.TestLogger - ========================================
09:51:35.434 [Test worker] DEBUG c.testautomation.helpers.TestLogger - API CALL: PUT /api/orders/9382df36-53de-47ad-acf7-3883f28db88d/status
09:51:35.434 [Test worker] DEBUG c.testautomation.helpers.TestLogger - API CALL: PUT /api/orders/9382df36-53de-47ad-acf7-3883f28db88d/status
Request method:	PUT
Request URI:	http://localhost:8080/api/api/orders/9382df36-53de-47ad-acf7-3883f28db88d/status
Proxy:			<none>
Request params:	<none>
Query params:	<none>
Form params:	<none>
Path params:	<none>
Headers:		Accept=application/json
				Content-Type=application/json
Cookies:		<none>
Multiparts:		<none>
Body:
{
    "status": "CONFIRMED"
}
09:51:35.466 [Test worker] DEBUG c.testautomation.helpers.TestLogger - RESPONSE: Status=200, Body={"success":true,"code":"SUCCESS","message":"Operation completed successfully","data":{"updatedAt":"2025-12-11T09:51:35.4633","orderId":"9382df36-53de-47ad-acf7-3883f28db88d","status":"CONFIRMED"},"timestamp":"2025-12-11T09:51:35.4633"}
09:51:35.466 [Test worker] DEBUG c.testautomation.helpers.TestLogger - RESPONSE: Status=200, Body={"success":true,"code":"SUCCESS","message":"Operation completed successfully","data":{"updatedAt":"2025-12-11T09:51:35.4633","orderId":"9382df36-53de-47ad-acf7-3883f28db88d","status":"CONFIRMED"},"timestamp":"2025-12-11T09:51:35.4633"}
UPDATE ORDER STATUS Response: {"success":true,"code":"SUCCESS","message":"Operation completed successfully","data":{"updatedAt":"2025-12-11T09:51:35.4633","orderId":"9382df36-53de-47ad-acf7-3883f28db88d","status":"CONFIRMED"},"timestamp":"2025-12-11T09:51:35.4633"}
09:51:35.486 [Test worker] INFO  c.testautomation.helpers.TestLogger - ========================================
09:51:35.486 [Test worker] INFO  c.testautomation.helpers.TestLogger - ========================================
09:51:35.486 [Test worker] INFO  c.testautomation.helpers.TestLogger - TEST END: order_update_status
09:51:35.486 [Test worker] INFO  c.testautomation.helpers.TestLogger - TEST END: order_update_status
09:51:35.486 [Test worker] INFO  c.testautomation.helpers.TestLogger - ========================================
09:51:35.486 [Test worker] INFO  c.testautomation.helpers.TestLogger - ========================================
09:51:35.493 [Test worker] INFO  c.testautomation.helpers.TestLogger - ========================================
09:51:35.493 [Test worker] INFO  c.testautomation.helpers.TestLogger - ========================================
09:51:35.499 [Test worker] INFO  c.testautomation.helpers.TestLogger - TEST START: order_verify
09:51:35.499 [Test worker] INFO  c.testautomation.helpers.TestLogger - TEST START: order_verify
09:51:35.499 [Test worker] INFO  c.testautomation.helpers.TestLogger - ========================================
09:51:35.499 [Test worker] INFO  c.testautomation.helpers.TestLogger - ========================================
09:51:35.499 [Test worker] DEBUG c.testautomation.helpers.TestLogger - API CALL: GET /api/orders/9382df36-53de-47ad-acf7-3883f28db88d
09:51:35.499 [Test worker] DEBUG c.testautomation.helpers.TestLogger - API CALL: GET /api/orders/9382df36-53de-47ad-acf7-3883f28db88d
Request method:	GET
Request URI:	http://localhost:8080/api/api/orders/9382df36-53de-47ad-acf7-3883f28db88d
Proxy:			<none>
Request params:	<none>
Query params:	<none>
Form params:	<none>
Path params:	<none>
Headers:		Accept=application/json
				Content-Type=application/json
Cookies:		<none>
Multiparts:		<none>
Body:			<none>
09:51:35.523 [Test worker] DEBUG c.testautomation.helpers.TestLogger - RESPONSE: Status=200, Body={"success":true,"code":"SUCCESS","message":"Operation completed successfully","data":{"orderId":"9382df36-53de-47ad-acf7-3883f28db88d","userId":"user1","items":[{"itemId":"1ea6bc47-7614-4c26-95e0-80814bd84de5","productId":"laptop1","productName":"Gaming Laptop","quantity":1,"unitPrice":1299.99,"totalPrice":1299.99}],"total":1403.9892,"status":"CONFIRMED","paymentId":null,"createdAt":"2025-12-11T09:51:35.2352691"},"timestamp":"2025-12-11T09:51:35.5195991"}
09:51:35.523 [Test worker] DEBUG c.testautomation.helpers.TestLogger - RESPONSE: Status=200, Body={"success":true,"code":"SUCCESS","message":"Operation completed successfully","data":{"orderId":"9382df36-53de-47ad-acf7-3883f28db88d","userId":"user1","items":[{"itemId":"1ea6bc47-7614-4c26-95e0-80814bd84de5","productId":"laptop1","productName":"Gaming Laptop","quantity":1,"unitPrice":1299.99,"totalPrice":1299.99}],"total":1403.9892,"status":"CONFIRMED","paymentId":null,"createdAt":"2025-12-11T09:51:35.2352691"},"timestamp":"2025-12-11T09:51:35.5195991"}
VERIFY ORDER Response: {"success":true,"code":"SUCCESS","message":"Operation completed successfully","data":{"orderId":"9382df36-53de-47ad-acf7-3883f28db88d","userId":"user1","items":[{"itemId":"1ea6bc47-7614-4c26-95e0-80814bd84de5","productId":"laptop1","productName":"Gaming Laptop","quantity":1,"unitPrice":1299.99,"totalPrice":1299.99}],"total":1403.9892,"status":"CONFIRMED","paymentId":null,"createdAt":"2025-12-11T09:51:35.2352691"},"timestamp":"2025-12-11T09:51:35.5195991"}
09:51:35.545 [Test worker] INFO  c.testautomation.helpers.TestLogger - ========================================
09:51:35.545 [Test worker] INFO  c.testautomation.helpers.TestLogger - ========================================
09:51:35.545 [Test worker] INFO  c.testautomation.helpers.TestLogger - TEST END: order_verify
09:51:35.545 [Test worker] INFO  c.testautomation.helpers.TestLogger - TEST END: order_verify
09:51:35.545 [Test worker] INFO  c.testautomation.helpers.TestLogger - ========================================
09:51:35.545 [Test worker] INFO  c.testautomation.helpers.TestLogger - ========================================
09:51:35.554 [Test worker] INFO  c.testautomation.helpers.TestLogger - ========================================
09:51:35.554 [Test worker] INFO  c.testautomation.helpers.TestLogger - ========================================
09:51:35.554 [Test worker] INFO  c.testautomation.helpers.TestLogger - TEST START: payment_process
09:51:35.554 [Test worker] INFO  c.testautomation.helpers.TestLogger - TEST START: payment_process
09:51:35.554 [Test worker] INFO  c.testautomation.helpers.TestLogger - ========================================
09:51:35.554 [Test worker] INFO  c.testautomation.helpers.TestLogger - ========================================
09:51:35.554 [Test worker] DEBUG c.testautomation.helpers.TestLogger - API CALL: POST /api/payments/process
09:51:35.554 [Test worker] DEBUG c.testautomation.helpers.TestLogger - API CALL: POST /api/payments/process
Request method:	POST
Request URI:	http://localhost:8080/api/api/payments/process
Proxy:			<none>
Request params:	<none>
Query params:	<none>
Form params:	<none>
Path params:	<none>
Headers:		Accept=application/json
				Content-Type=application/json
Cookies:		<none>
Multiparts:		<none>
Body:
{
    "orderId": "9382df36-53de-47ad-acf7-3883f28db88d",
    "amount": 1403.9893
}
09:51:35.588 [Test worker] DEBUG c.testautomation.helpers.TestLogger - RESPONSE: Status=200, Body={"success":true,"code":"SUCCESS","message":"Operation completed successfully","data":{"paymentId":"f3ed8f70-4c71-423e-82df-89327013d390","status":"SUCCESS","orderId":"9382df36-53de-47ad-acf7-3883f28db88d","amount":1403.9893},"timestamp":"2025-12-11T09:51:35.5860024"}
09:51:35.588 [Test worker] DEBUG c.testautomation.helpers.TestLogger - RESPONSE: Status=200, Body={"success":true,"code":"SUCCESS","message":"Operation completed successfully","data":{"paymentId":"f3ed8f70-4c71-423e-82df-89327013d390","status":"SUCCESS","orderId":"9382df36-53de-47ad-acf7-3883f28db88d","amount":1403.9893},"timestamp":"2025-12-11T09:51:35.5860024"}
PROCESS PAYMENT Response: {"success":true,"code":"SUCCESS","message":"Operation completed successfully","data":{"paymentId":"f3ed8f70-4c71-423e-82df-89327013d390","status":"SUCCESS","orderId":"9382df36-53de-47ad-acf7-3883f28db88d","amount":1403.9893},"timestamp":"2025-12-11T09:51:35.5860024"}
09:51:35.608 [Test worker] INFO  c.testautomation.helpers.TestLogger - ========================================
09:51:35.608 [Test worker] INFO  c.testautomation.helpers.TestLogger - ========================================
09:51:35.609 [Test worker] INFO  c.testautomation.helpers.TestLogger - TEST END: payment_process
09:51:35.609 [Test worker] INFO  c.testautomation.helpers.TestLogger - TEST END: payment_process
09:51:35.609 [Test worker] INFO  c.testautomation.helpers.TestLogger - ========================================
09:51:35.609 [Test worker] INFO  c.testautomation.helpers.TestLogger - ========================================
09:51:35.619 [Test worker] INFO  c.testautomation.helpers.TestLogger - ========================================
09:51:35.619 [Test worker] INFO  c.testautomation.helpers.TestLogger - ========================================
09:51:35.619 [Test worker] INFO  c.testautomation.helpers.TestLogger - TEST START: payment_get_status
09:51:35.619 [Test worker] INFO  c.testautomation.helpers.TestLogger - TEST START: payment_get_status
09:51:35.619 [Test worker] INFO  c.testautomation.helpers.TestLogger - ========================================
09:51:35.619 [Test worker] INFO  c.testautomation.helpers.TestLogger - ========================================
09:51:35.619 [Test worker] DEBUG c.testautomation.helpers.TestLogger - API CALL: GET /api/payments/payment123/status
09:51:35.619 [Test worker] DEBUG c.testautomation.helpers.TestLogger - API CALL: GET /api/payments/payment123/status
Request method:	GET
Request URI:	http://localhost:8080/api/api/payments/payment123/status
Proxy:			<none>
Request params:	<none>
Query params:	<none>
Form params:	<none>
Path params:	<none>
Headers:		Accept=application/json
				Content-Type=application/json
Cookies:		<none>
Multiparts:		<none>
Body:			<none>
09:51:35.648 [Test worker] DEBUG c.testautomation.helpers.TestLogger - RESPONSE: Status=404, Body={"success":false,"code":"PAYMENT_NOT_FOUND","message":"Payment not found","data":{"paymentId":"payment123"},"timestamp":"2025-12-11T09:51:35.6433499"}
09:51:35.648 [Test worker] DEBUG c.testautomation.helpers.TestLogger - RESPONSE: Status=404, Body={"success":false,"code":"PAYMENT_NOT_FOUND","message":"Payment not found","data":{"paymentId":"payment123"},"timestamp":"2025-12-11T09:51:35.6433499"}
GET PAYMENT STATUS Response: {"success":false,"code":"PAYMENT_NOT_FOUND","message":"Payment not found","data":{"paymentId":"payment123"},"timestamp":"2025-12-11T09:51:35.6433499"}
09:51:35.650 [Test worker] INFO  c.testautomation.helpers.TestLogger - ========================================
09:51:35.650 [Test worker] INFO  c.testautomation.helpers.TestLogger - ========================================
09:51:35.650 [Test worker] INFO  c.testautomation.helpers.TestLogger - TEST END: payment_get_status
09:51:35.650 [Test worker] INFO  c.testautomation.helpers.TestLogger - TEST END: payment_get_status
09:51:35.650 [Test worker] INFO  c.testautomation.helpers.TestLogger - ========================================
09:51:35.650 [Test worker] INFO  c.testautomation.helpers.TestLogger - ========================================
09:51:35.660 [Test worker] INFO  c.testautomation.helpers.TestLogger - ========================================
09:51:35.660 [Test worker] INFO  c.testautomation.helpers.TestLogger - ========================================
09:51:35.660 [Test worker] INFO  c.testautomation.helpers.TestLogger - TEST START: negative_invalid_product
09:51:35.660 [Test worker] INFO  c.testautomation.helpers.TestLogger - TEST START: negative_invalid_product
09:51:35.660 [Test worker] INFO  c.testautomation.helpers.TestLogger - ========================================
09:51:35.660 [Test worker] INFO  c.testautomation.helpers.TestLogger - ========================================
09:51:35.660 [Test worker] DEBUG c.testautomation.helpers.TestLogger - API CALL: GET /api/inventory/invalid-product-xyz-999/status
09:51:35.660 [Test worker] DEBUG c.testautomation.helpers.TestLogger - API CALL: GET /api/inventory/invalid-product-xyz-999/status
Request method:	GET
Request URI:	http://localhost:8080/api/api/inventory/invalid-product-xyz-999/status
Proxy:			<none>
Request params:	<none>
Query params:	<none>
Form params:	<none>
Path params:	<none>
Headers:		Accept=application/json
				Content-Type=application/json
Cookies:		<none>
Multiparts:		<none>
Body:			<none>
09:51:35.693 [Test worker] DEBUG c.testautomation.helpers.TestLogger - RESPONSE: Status=404, Body={"success":false,"code":"PRODUCT_NOT_FOUND","message":"Product not found","data":{"productId":"invalid-product-xyz-999"},"timestamp":"2025-12-11T09:51:35.6879906"}
09:51:35.693 [Test worker] DEBUG c.testautomation.helpers.TestLogger - RESPONSE: Status=404, Body={"success":false,"code":"PRODUCT_NOT_FOUND","message":"Product not found","data":{"productId":"invalid-product-xyz-999"},"timestamp":"2025-12-11T09:51:35.6879906"}
GET INVALID INVENTORY Response: {"success":false,"code":"PRODUCT_NOT_FOUND","message":"Product not found","data":{"productId":"invalid-product-xyz-999"},"timestamp":"2025-12-11T09:51:35.6879906"}
09:51:35.693 [Test worker] INFO  c.testautomation.helpers.TestLogger - ========================================
09:51:35.693 [Test worker] INFO  c.testautomation.helpers.TestLogger - ========================================
09:51:35.693 [Test worker] INFO  c.testautomation.helpers.TestLogger - TEST END: negative_invalid_product
09:51:35.693 [Test worker] INFO  c.testautomation.helpers.TestLogger - TEST END: negative_invalid_product
09:51:35.693 [Test worker] INFO  c.testautomation.helpers.TestLogger - ========================================
09:51:35.693 [Test worker] INFO  c.testautomation.helpers.TestLogger - ========================================
09:51:35.701 [Test worker] INFO  c.testautomation.helpers.TestLogger - ========================================
09:51:35.701 [Test worker] INFO  c.testautomation.helpers.TestLogger - ========================================
09:51:35.701 [Test worker] INFO  c.testautomation.helpers.TestLogger - TEST START: negative_invalid_quantity
09:51:35.701 [Test worker] INFO  c.testautomation.helpers.TestLogger - TEST START: negative_invalid_quantity
09:51:35.701 [Test worker] INFO  c.testautomation.helpers.TestLogger - ========================================
09:51:35.701 [Test worker] INFO  c.testautomation.helpers.TestLogger - ========================================
09:51:35.701 [Test worker] DEBUG c.testautomation.helpers.TestLogger - API CALL: PUT /api/inventory/laptop1/release
09:51:35.701 [Test worker] DEBUG c.testautomation.helpers.TestLogger - API CALL: PUT /api/inventory/laptop1/release
Request method:	PUT
Request URI:	http://localhost:8080/api/api/inventory/laptop1/release
Proxy:			<none>
Request params:	<none>
Query params:	<none>
Form params:	<none>
Path params:	<none>
Headers:		Accept=application/json
				Content-Type=application/json
Cookies:		<none>
Multiparts:		<none>
Body:
{
    "quantity": -1
}
09:51:35.736 [Test worker] DEBUG c.testautomation.helpers.TestLogger - RESPONSE: Status=400, Body={"success":false,"code":"INVALID_QUANTITY","message":"Quantity must be positive","data":{"provided":-1},"timestamp":"2025-12-11T09:51:35.7327744"}
09:51:35.736 [Test worker] DEBUG c.testautomation.helpers.TestLogger - RESPONSE: Status=400, Body={"success":false,"code":"INVALID_QUANTITY","message":"Quantity must be positive","data":{"provided":-1},"timestamp":"2025-12-11T09:51:35.7327744"}
RELEASE INVALID Response: {"success":false,"code":"INVALID_QUANTITY","message":"Quantity must be positive","data":{"provided":-1},"timestamp":"2025-12-11T09:51:35.7327744"}
09:51:35.736 [Test worker] INFO  c.testautomation.helpers.TestLogger - ========================================
09:51:35.736 [Test worker] INFO  c.testautomation.helpers.TestLogger - ========================================
09:51:35.736 [Test worker] INFO  c.testautomation.helpers.TestLogger - TEST END: negative_invalid_quantity
09:51:35.736 [Test worker] INFO  c.testautomation.helpers.TestLogger - TEST END: negative_invalid_quantity
09:51:35.736 [Test worker] INFO  c.testautomation.helpers.TestLogger - ========================================
09:51:35.736 [Test worker] INFO  c.testautomation.helpers.TestLogger - ========================================
09:51:35.747 [Test worker] INFO  c.testautomation.helpers.TestLogger - ========================================
09:51:35.747 [Test worker] INFO  c.testautomation.helpers.TestLogger - ========================================
09:51:35.747 [Test worker] INFO  c.testautomation.helpers.TestLogger - TEST START: negative_payment_missing_orderid
09:51:35.747 [Test worker] INFO  c.testautomation.helpers.TestLogger - TEST START: negative_payment_missing_orderid
09:51:35.747 [Test worker] INFO  c.testautomation.helpers.TestLogger - ========================================
09:51:35.747 [Test worker] INFO  c.testautomation.helpers.TestLogger - ========================================
09:51:35.747 [Test worker] DEBUG c.testautomation.helpers.TestLogger - API CALL: POST /api/payments/process
09:51:35.747 [Test worker] DEBUG c.testautomation.helpers.TestLogger - API CALL: POST /api/payments/process
Request method:	POST
Request URI:	http://localhost:8080/api/api/payments/process
Proxy:			<none>
Request params:	<none>
Query params:	<none>
Form params:	<none>
Path params:	<none>
Headers:		Accept=application/json
				Content-Type=application/json
Cookies:		<none>
Multiparts:		<none>
Body:
{
    "amount": 99.99
}
09:51:35.818 [Test worker] DEBUG c.testautomation.helpers.TestLogger - RESPONSE: Status=500, Body={"timestamp":"2025-12-11T08:51:35.804+00:00","status":500,"error":"Internal Server Error","message":"No message available","path":"/api/api/payments/process"}
09:51:35.818 [Test worker] DEBUG c.testautomation.helpers.TestLogger - RESPONSE: Status=500, Body={"timestamp":"2025-12-11T08:51:35.804+00:00","status":500,"error":"Internal Server Error","message":"No message available","path":"/api/api/payments/process"}
PAYMENT MISSING ORDERID Response: {"timestamp":"2025-12-11T08:51:35.804+00:00","status":500,"error":"Internal Server Error","message":"No message available","path":"/api/api/payments/process"}
09:51:35.820 [Test worker] INFO  c.testautomation.helpers.TestLogger - ========================================
09:51:35.820 [Test worker] INFO  c.testautomation.helpers.TestLogger - ========================================
09:51:35.820 [Test worker] INFO  c.testautomation.helpers.TestLogger - TEST END: negative_payment_missing_orderid
09:51:35.820 [Test worker] INFO  c.testautomation.helpers.TestLogger - TEST END: negative_payment_missing_orderid
09:51:35.820 [Test worker] INFO  c.testautomation.helpers.TestLogger - ========================================
09:51:35.820 [Test worker] INFO  c.testautomation.helpers.TestLogger - ========================================
]]></system-out>
  <system-err><![CDATA[]]></system-err>
</testsuite>
