<?xml version="1.0" encoding="UTF-8"?>
<testsuite name="Comprehensive E2E API Tests - Complete Flow" tests="14" skipped="0" failures="0" errors="0" timestamp="2025-12-10T20:11:25.734Z" hostname="DESKTOP-JU73M0Q" time="13.533">
  <properties/>
  <testcase name="01_INVENTORY_GET_STATUS - GET /api/inventory/{productId}/status" classname="com.testautomation.tests.ComprehensiveApiTest" time="11.475"/>
  <testcase name="02_INVENTORY_RESERVE - PUT /api/inventory/{productId}/reserve" classname="com.testautomation.tests.ComprehensiveApiTest" time="0.518"/>
  <testcase name="03_CART_ADD_ITEM - POST /api/cart/{userId}/items" classname="com.testautomation.tests.ComprehensiveApiTest" time="0.144"/>
  <testcase name="04_CART_GET - GET /api/cart/{userId}" classname="com.testautomation.tests.ComprehensiveApiTest" time="0.062"/>
  <testcase name="05_CART_CALCULATE - POST /api/cart/{userId}/calculate" classname="com.testautomation.tests.ComprehensiveApiTest" time="0.056"/>
  <testcase name="06_ORDER_CREATE - POST /api/orders" classname="com.testautomation.tests.ComprehensiveApiTest" time="0.135"/>
  <testcase name="07_ORDER_READ - GET /api/orders/{orderId}" classname="com.testautomation.tests.ComprehensiveApiTest" time="0.109"/>
  <testcase name="08_ORDER_UPDATE_STATUS - PUT /api/orders/{orderId}/status" classname="com.testautomation.tests.ComprehensiveApiTest" time="0.089"/>
  <testcase name="09_ORDER_VERIFY - Final order verification" classname="com.testautomation.tests.ComprehensiveApiTest" time="0.068"/>
  <testcase name="10_PAYMENT_PROCESS - POST /api/payments/process" classname="com.testautomation.tests.ComprehensiveApiTest" time="0.076"/>
  <testcase name="11_PAYMENT_STATUS - GET /api/payments/{paymentId}/status" classname="com.testautomation.tests.ComprehensiveApiTest" time="0.037"/>
  <testcase name="12_NEGATIVE_INVALID_PRODUCT - GET invalid inventory" classname="com.testautomation.tests.ComprehensiveApiTest" time="0.037"/>
  <testcase name="13_NEGATIVE_INVALID_QUANTITY - PUT release with negative qty" classname="com.testautomation.tests.ComprehensiveApiTest" time="0.036"/>
  <testcase name="14_NEGATIVE_PAYMENT_MISSING_ORDERID - POST payment without orderId" classname="com.testautomation.tests.ComprehensiveApiTest" time="0.07"/>
  <system-out><![CDATA[21:11:25.295 [Test worker] INFO  c.testautomation.helpers.TestLogger - ========================================
21:11:25.295 [Test worker] INFO  c.testautomation.helpers.TestLogger - ========================================
21:11:25.308 [Test worker] INFO  c.testautomation.helpers.TestLogger - TEST START: ComprehensiveApiTest Init
21:11:25.308 [Test worker] INFO  c.testautomation.helpers.TestLogger - TEST START: ComprehensiveApiTest Init
21:11:25.310 [Test worker] INFO  c.testautomation.helpers.TestLogger - ========================================
21:11:25.310 [Test worker] INFO  c.testautomation.helpers.TestLogger - ========================================
21:11:25.480 [Test worker] INFO  c.testautomation.helpers.TestLogger - Initialized with userId: user1, productId: laptop1
21:11:25.480 [Test worker] INFO  c.testautomation.helpers.TestLogger - Initialized with userId: user1, productId: laptop1
21:11:25.764 [Test worker] INFO  c.testautomation.helpers.TestLogger - ========================================
21:11:25.764 [Test worker] INFO  c.testautomation.helpers.TestLogger - ========================================
21:11:25.765 [Test worker] INFO  c.testautomation.helpers.TestLogger - TEST START: inventory_get_status
21:11:25.765 [Test worker] INFO  c.testautomation.helpers.TestLogger - TEST START: inventory_get_status
21:11:25.777 [Test worker] INFO  c.testautomation.helpers.TestLogger - ========================================
21:11:25.777 [Test worker] INFO  c.testautomation.helpers.TestLogger - ========================================
21:11:25.781 [Test worker] DEBUG c.testautomation.helpers.TestLogger - API CALL: GET /api/inventory/laptop1/status
21:11:25.781 [Test worker] DEBUG c.testautomation.helpers.TestLogger - API CALL: GET /api/inventory/laptop1/status
Request method:	GET
Request URI:	http://localhost:8080/api/api/inventory/laptop1/status
Proxy:			<none>
Request params:	<none>
Query params:	<none>
Form params:	<none>
Path params:	<none>
Headers:		Accept=application/json
				Content-Type=application/json
Cookies:		<none>
Multiparts:		<none>
Body:			<none>
21:11:34.555 [Test worker] DEBUG c.testautomation.helpers.TestLogger - RESPONSE: Status=200, Body={"success":true,"code":"SUCCESS","message":"Operation completed successfully","data":{"reservedQuantity":0,"availableQuantity":10,"price":1299.99,"category":"Electronics","productName":"Gaming Laptop","productId":"laptop1","totalStock":10},"timestamp":"2025-12-10T21:11:34.1735294"}
21:11:34.555 [Test worker] DEBUG c.testautomation.helpers.TestLogger - RESPONSE: Status=200, Body={"success":true,"code":"SUCCESS","message":"Operation completed successfully","data":{"reservedQuantity":0,"availableQuantity":10,"price":1299.99,"category":"Electronics","productName":"Gaming Laptop","productId":"laptop1","totalStock":10},"timestamp":"2025-12-10T21:11:34.1735294"}
GET INVENTORY Response: {"success":true,"code":"SUCCESS","message":"Operation completed successfully","data":{"reservedQuantity":0,"availableQuantity":10,"price":1299.99,"category":"Electronics","productName":"Gaming Laptop","productId":"laptop1","totalStock":10},"timestamp":"2025-12-10T21:11:34.1735294"}
21:11:37.169 [Test worker] INFO  c.testautomation.helpers.TestLogger - ========================================
21:11:37.169 [Test worker] INFO  c.testautomation.helpers.TestLogger - ========================================
21:11:37.173 [Test worker] INFO  c.testautomation.helpers.TestLogger - TEST END: inventory_get_status
21:11:37.173 [Test worker] INFO  c.testautomation.helpers.TestLogger - TEST END: inventory_get_status
21:11:37.175 [Test worker] INFO  c.testautomation.helpers.TestLogger - ========================================
21:11:37.175 [Test worker] INFO  c.testautomation.helpers.TestLogger - ========================================
21:11:37.711 [Test worker] INFO  c.testautomation.helpers.TestLogger - ========================================
21:11:37.711 [Test worker] INFO  c.testautomation.helpers.TestLogger - ========================================
21:11:37.712 [Test worker] INFO  c.testautomation.helpers.TestLogger - TEST START: inventory_reserve
21:11:37.712 [Test worker] INFO  c.testautomation.helpers.TestLogger - TEST START: inventory_reserve
21:11:37.713 [Test worker] INFO  c.testautomation.helpers.TestLogger - ========================================
21:11:37.713 [Test worker] INFO  c.testautomation.helpers.TestLogger - ========================================
21:11:37.714 [Test worker] DEBUG c.testautomation.helpers.TestLogger - API CALL: PUT /api/inventory/laptop1/reserve
21:11:37.714 [Test worker] DEBUG c.testautomation.helpers.TestLogger - API CALL: PUT /api/inventory/laptop1/reserve
Request method:	PUT
Request URI:	http://localhost:8080/api/api/inventory/laptop1/reserve
Proxy:			<none>
Request params:	<none>
Query params:	<none>
Form params:	<none>
Path params:	<none>
Headers:		Accept=application/json
				Content-Type=application/json
Cookies:		<none>
Multiparts:		<none>
Body:
{
    "quantity": 1
}
21:11:38.198 [Test worker] DEBUG c.testautomation.helpers.TestLogger - RESPONSE: Status=200, Body={"success":true,"code":"SUCCESS","message":"Operation completed successfully","data":{"availableQuantity":8,"productId":"laptop1","reservedQuantity":1,"totalReserved":2},"timestamp":"2025-12-10T21:11:38.1916121"}
21:11:38.198 [Test worker] DEBUG c.testautomation.helpers.TestLogger - RESPONSE: Status=200, Body={"success":true,"code":"SUCCESS","message":"Operation completed successfully","data":{"availableQuantity":8,"productId":"laptop1","reservedQuantity":1,"totalReserved":2},"timestamp":"2025-12-10T21:11:38.1916121"}
RESERVE INVENTORY Response: {"success":true,"code":"SUCCESS","message":"Operation completed successfully","data":{"availableQuantity":8,"productId":"laptop1","reservedQuantity":1,"totalReserved":2},"timestamp":"2025-12-10T21:11:38.1916121"}
21:11:38.227 [Test worker] INFO  c.testautomation.helpers.TestLogger - ========================================
21:11:38.227 [Test worker] INFO  c.testautomation.helpers.TestLogger - ========================================
21:11:38.228 [Test worker] INFO  c.testautomation.helpers.TestLogger - TEST END: inventory_reserve
21:11:38.228 [Test worker] INFO  c.testautomation.helpers.TestLogger - TEST END: inventory_reserve
21:11:38.228 [Test worker] INFO  c.testautomation.helpers.TestLogger - ========================================
21:11:38.228 [Test worker] INFO  c.testautomation.helpers.TestLogger - ========================================
21:11:38.243 [Test worker] INFO  c.testautomation.helpers.TestLogger - ========================================
21:11:38.243 [Test worker] INFO  c.testautomation.helpers.TestLogger - ========================================
21:11:38.245 [Test worker] INFO  c.testautomation.helpers.TestLogger - TEST START: cart_add_item
21:11:38.245 [Test worker] INFO  c.testautomation.helpers.TestLogger - TEST START: cart_add_item
21:11:38.245 [Test worker] INFO  c.testautomation.helpers.TestLogger - ========================================
21:11:38.245 [Test worker] INFO  c.testautomation.helpers.TestLogger - ========================================
21:11:38.246 [Test worker] DEBUG c.testautomation.helpers.TestLogger - API CALL: POST /api/cart/user1/items
21:11:38.246 [Test worker] DEBUG c.testautomation.helpers.TestLogger - API CALL: POST /api/cart/user1/items
Request method:	POST
Request URI:	http://localhost:8080/api/api/cart/user1/items
Proxy:			<none>
Request params:	<none>
Query params:	<none>
Form params:	<none>
Path params:	<none>
Headers:		Accept=application/json
				Content-Type=application/json
Cookies:		<none>
Multiparts:		<none>
Body:
{
    "productId": "laptop1",
    "quantity": 1
}
21:11:38.354 [Test worker] DEBUG c.testautomation.helpers.TestLogger - RESPONSE: Status=200, Body={"success":true,"code":"SUCCESS","message":"Operation completed successfully","data":{"unitPrice":1299.99,"itemId":"5c0f4f16-690e-4dfb-9a2a-b0653a0ec414","productName":"Gaming Laptop","quantity":1},"timestamp":"2025-12-10T21:11:38.3476389"}
21:11:38.354 [Test worker] DEBUG c.testautomation.helpers.TestLogger - RESPONSE: Status=200, Body={"success":true,"code":"SUCCESS","message":"Operation completed successfully","data":{"unitPrice":1299.99,"itemId":"5c0f4f16-690e-4dfb-9a2a-b0653a0ec414","productName":"Gaming Laptop","quantity":1},"timestamp":"2025-12-10T21:11:38.3476389"}
ADD ITEM TO CART Response: {"success":true,"code":"SUCCESS","message":"Operation completed successfully","data":{"unitPrice":1299.99,"itemId":"5c0f4f16-690e-4dfb-9a2a-b0653a0ec414","productName":"Gaming Laptop","quantity":1},"timestamp":"2025-12-10T21:11:38.3476389"}
21:11:38.384 [Test worker] INFO  c.testautomation.helpers.TestLogger - ========================================
21:11:38.384 [Test worker] INFO  c.testautomation.helpers.TestLogger - ========================================
21:11:38.384 [Test worker] INFO  c.testautomation.helpers.TestLogger - TEST END: cart_add_item
21:11:38.384 [Test worker] INFO  c.testautomation.helpers.TestLogger - TEST END: cart_add_item
21:11:38.385 [Test worker] INFO  c.testautomation.helpers.TestLogger - ========================================
21:11:38.385 [Test worker] INFO  c.testautomation.helpers.TestLogger - ========================================
21:11:38.400 [Test worker] INFO  c.testautomation.helpers.TestLogger - ========================================
21:11:38.400 [Test worker] INFO  c.testautomation.helpers.TestLogger - ========================================
21:11:38.401 [Test worker] INFO  c.testautomation.helpers.TestLogger - TEST START: cart_get
21:11:38.401 [Test worker] INFO  c.testautomation.helpers.TestLogger - TEST START: cart_get
21:11:38.403 [Test worker] INFO  c.testautomation.helpers.TestLogger - ========================================
21:11:38.403 [Test worker] INFO  c.testautomation.helpers.TestLogger - ========================================
21:11:38.404 [Test worker] DEBUG c.testautomation.helpers.TestLogger - API CALL: GET /api/cart/user1
21:11:38.404 [Test worker] DEBUG c.testautomation.helpers.TestLogger - API CALL: GET /api/cart/user1
Request method:	GET
Request URI:	http://localhost:8080/api/api/cart/user1
Proxy:			<none>
Request params:	<none>
Query params:	<none>
Form params:	<none>
Path params:	<none>
Headers:		Accept=application/json
				Content-Type=application/json
Cookies:		<none>
Multiparts:		<none>
Body:			<none>
21:11:38.456 [Test worker] DEBUG c.testautomation.helpers.TestLogger - RESPONSE: Status=200, Body={"success":true,"code":"SUCCESS","message":"Operation completed successfully","data":{"userId":"user1","items":[{"itemId":"5c0f4f16-690e-4dfb-9a2a-b0653a0ec414","productId":"laptop1","productName":"Gaming Laptop","quantity":1,"unitPrice":1299.99,"totalPrice":1299.99}],"subtotal":0.0,"tax":0.0,"total":0.0,"discountCode":null,"discountAmount":0.0},"timestamp":"2025-12-10T21:11:38.4409868"}
21:11:38.456 [Test worker] DEBUG c.testautomation.helpers.TestLogger - RESPONSE: Status=200, Body={"success":true,"code":"SUCCESS","message":"Operation completed successfully","data":{"userId":"user1","items":[{"itemId":"5c0f4f16-690e-4dfb-9a2a-b0653a0ec414","productId":"laptop1","productName":"Gaming Laptop","quantity":1,"unitPrice":1299.99,"totalPrice":1299.99}],"subtotal":0.0,"tax":0.0,"total":0.0,"discountCode":null,"discountAmount":0.0},"timestamp":"2025-12-10T21:11:38.4409868"}
GET CART Response: {"success":true,"code":"SUCCESS","message":"Operation completed successfully","data":{"userId":"user1","items":[{"itemId":"5c0f4f16-690e-4dfb-9a2a-b0653a0ec414","productId":"laptop1","productName":"Gaming Laptop","quantity":1,"unitPrice":1299.99,"totalPrice":1299.99}],"subtotal":0.0,"tax":0.0,"total":0.0,"discountCode":null,"discountAmount":0.0},"timestamp":"2025-12-10T21:11:38.4409868"}
21:11:38.457 [Test worker] INFO  c.testautomation.helpers.TestLogger - ========================================
21:11:38.457 [Test worker] INFO  c.testautomation.helpers.TestLogger - ========================================
21:11:38.458 [Test worker] INFO  c.testautomation.helpers.TestLogger - TEST END: cart_get
21:11:38.458 [Test worker] INFO  c.testautomation.helpers.TestLogger - TEST END: cart_get
21:11:38.459 [Test worker] INFO  c.testautomation.helpers.TestLogger - ========================================
21:11:38.459 [Test worker] INFO  c.testautomation.helpers.TestLogger - ========================================
21:11:38.468 [Test worker] INFO  c.testautomation.helpers.TestLogger - ========================================
21:11:38.468 [Test worker] INFO  c.testautomation.helpers.TestLogger - ========================================
21:11:38.469 [Test worker] INFO  c.testautomation.helpers.TestLogger - TEST START: cart_calculate
21:11:38.469 [Test worker] INFO  c.testautomation.helpers.TestLogger - TEST START: cart_calculate
21:11:38.472 [Test worker] INFO  c.testautomation.helpers.TestLogger - ========================================
21:11:38.472 [Test worker] INFO  c.testautomation.helpers.TestLogger - ========================================
21:11:38.473 [Test worker] DEBUG c.testautomation.helpers.TestLogger - API CALL: POST /api/cart/user1/calculate
21:11:38.473 [Test worker] DEBUG c.testautomation.helpers.TestLogger - API CALL: POST /api/cart/user1/calculate
Request method:	POST
Request URI:	http://localhost:8080/api/api/cart/user1/calculate
Proxy:			<none>
Request params:	<none>
Query params:	<none>
Form params:	<none>
Path params:	<none>
Headers:		Accept=application/json
				Content-Type=application/json
Cookies:		<none>
Multiparts:		<none>
Body:			<none>
21:11:38.521 [Test worker] DEBUG c.testautomation.helpers.TestLogger - RESPONSE: Status=200, Body={"success":true,"code":"SUCCESS","message":"Operation completed successfully","data":{"userId":"user1","items":[{"itemId":"5c0f4f16-690e-4dfb-9a2a-b0653a0ec414","productId":"laptop1","productName":"Gaming Laptop","quantity":1,"unitPrice":1299.99,"totalPrice":1299.99}],"subtotal":1299.99,"tax":103.9992,"total":1403.9892,"discountCode":null,"discountAmount":0.0},"timestamp":"2025-12-10T21:11:38.5181703"}
21:11:38.521 [Test worker] DEBUG c.testautomation.helpers.TestLogger - RESPONSE: Status=200, Body={"success":true,"code":"SUCCESS","message":"Operation completed successfully","data":{"userId":"user1","items":[{"itemId":"5c0f4f16-690e-4dfb-9a2a-b0653a0ec414","productId":"laptop1","productName":"Gaming Laptop","quantity":1,"unitPrice":1299.99,"totalPrice":1299.99}],"subtotal":1299.99,"tax":103.9992,"total":1403.9892,"discountCode":null,"discountAmount":0.0},"timestamp":"2025-12-10T21:11:38.5181703"}
CALCULATE CART Response: {"success":true,"code":"SUCCESS","message":"Operation completed successfully","data":{"userId":"user1","items":[{"itemId":"5c0f4f16-690e-4dfb-9a2a-b0653a0ec414","productId":"laptop1","productName":"Gaming Laptop","quantity":1,"unitPrice":1299.99,"totalPrice":1299.99}],"subtotal":1299.99,"tax":103.9992,"total":1403.9892,"discountCode":null,"discountAmount":0.0},"timestamp":"2025-12-10T21:11:38.5181703"}
21:11:38.523 [Test worker] INFO  c.testautomation.helpers.TestLogger - ========================================
21:11:38.523 [Test worker] INFO  c.testautomation.helpers.TestLogger - ========================================
21:11:38.523 [Test worker] INFO  c.testautomation.helpers.TestLogger - TEST END: cart_calculate
21:11:38.523 [Test worker] INFO  c.testautomation.helpers.TestLogger - TEST END: cart_calculate
21:11:38.523 [Test worker] INFO  c.testautomation.helpers.TestLogger - ========================================
21:11:38.523 [Test worker] INFO  c.testautomation.helpers.TestLogger - ========================================
21:11:38.536 [Test worker] INFO  c.testautomation.helpers.TestLogger - ========================================
21:11:38.536 [Test worker] INFO  c.testautomation.helpers.TestLogger - ========================================
21:11:38.536 [Test worker] INFO  c.testautomation.helpers.TestLogger - TEST START: order_create
21:11:38.536 [Test worker] INFO  c.testautomation.helpers.TestLogger - TEST START: order_create
21:11:38.537 [Test worker] INFO  c.testautomation.helpers.TestLogger - ========================================
21:11:38.537 [Test worker] INFO  c.testautomation.helpers.TestLogger - ========================================
21:11:38.537 [Test worker] DEBUG c.testautomation.helpers.TestLogger - API CALL: POST /api/orders
21:11:38.537 [Test worker] DEBUG c.testautomation.helpers.TestLogger - API CALL: POST /api/orders
Request method:	POST
Request URI:	http://localhost:8080/api/api/orders
Proxy:			<none>
Request params:	<none>
Query params:	<none>
Form params:	<none>
Path params:	<none>
Headers:		Accept=application/json
				Content-Type=application/json
Cookies:		<none>
Multiparts:		<none>
Body:
{
    "userId": "user1"
}
21:11:38.571 [Test worker] DEBUG c.testautomation.helpers.TestLogger - RESPONSE: Status=200, Body={"success":true,"code":"SUCCESS","message":"Operation completed successfully","data":{"orderId":"9a1b0af8-010c-49e5-9cc5-db88ab4eef15","status":"CREATED","createdAt":"2025-12-10T21:11:38.5675208","total":1403.9892},"timestamp":"2025-12-10T21:11:38.5675208"}
21:11:38.571 [Test worker] DEBUG c.testautomation.helpers.TestLogger - RESPONSE: Status=200, Body={"success":true,"code":"SUCCESS","message":"Operation completed successfully","data":{"orderId":"9a1b0af8-010c-49e5-9cc5-db88ab4eef15","status":"CREATED","createdAt":"2025-12-10T21:11:38.5675208","total":1403.9892},"timestamp":"2025-12-10T21:11:38.5675208"}
CREATE ORDER Response: {"success":true,"code":"SUCCESS","message":"Operation completed successfully","data":{"orderId":"9a1b0af8-010c-49e5-9cc5-db88ab4eef15","status":"CREATED","createdAt":"2025-12-10T21:11:38.5675208","total":1403.9892},"timestamp":"2025-12-10T21:11:38.5675208"}
21:11:38.656 [Test worker] INFO  c.testautomation.helpers.TestLogger - Created OrderId: 9a1b0af8-010c-49e5-9cc5-db88ab4eef15
21:11:38.656 [Test worker] INFO  c.testautomation.helpers.TestLogger - Created OrderId: 9a1b0af8-010c-49e5-9cc5-db88ab4eef15
21:11:38.657 [Test worker] INFO  c.testautomation.helpers.TestLogger - Order Total: 1403.9893
21:11:38.657 [Test worker] INFO  c.testautomation.helpers.TestLogger - Order Total: 1403.9893
21:11:38.667 [Test worker] INFO  c.testautomation.helpers.TestLogger - ========================================
21:11:38.667 [Test worker] INFO  c.testautomation.helpers.TestLogger - ========================================
21:11:38.668 [Test worker] INFO  c.testautomation.helpers.TestLogger - TEST END: order_create
21:11:38.668 [Test worker] INFO  c.testautomation.helpers.TestLogger - TEST END: order_create
21:11:38.669 [Test worker] INFO  c.testautomation.helpers.TestLogger - ========================================
21:11:38.669 [Test worker] INFO  c.testautomation.helpers.TestLogger - ========================================
21:11:38.680 [Test worker] INFO  c.testautomation.helpers.TestLogger - ========================================
21:11:38.680 [Test worker] INFO  c.testautomation.helpers.TestLogger - ========================================
21:11:38.681 [Test worker] INFO  c.testautomation.helpers.TestLogger - TEST START: order_read
21:11:38.681 [Test worker] INFO  c.testautomation.helpers.TestLogger - TEST START: order_read
21:11:38.682 [Test worker] INFO  c.testautomation.helpers.TestLogger - ========================================
21:11:38.682 [Test worker] INFO  c.testautomation.helpers.TestLogger - ========================================
21:11:38.683 [Test worker] DEBUG c.testautomation.helpers.TestLogger - API CALL: GET /api/orders/9a1b0af8-010c-49e5-9cc5-db88ab4eef15
21:11:38.683 [Test worker] DEBUG c.testautomation.helpers.TestLogger - API CALL: GET /api/orders/9a1b0af8-010c-49e5-9cc5-db88ab4eef15
Request method:	GET
Request URI:	http://localhost:8080/api/api/orders/9a1b0af8-010c-49e5-9cc5-db88ab4eef15
Proxy:			<none>
Request params:	<none>
Query params:	<none>
Form params:	<none>
Path params:	<none>
Headers:		Accept=application/json
				Content-Type=application/json
Cookies:		<none>
Multiparts:		<none>
Body:			<none>
21:11:38.726 [Test worker] DEBUG c.testautomation.helpers.TestLogger - RESPONSE: Status=200, Body={"success":true,"code":"SUCCESS","message":"Operation completed successfully","data":{"orderId":"9a1b0af8-010c-49e5-9cc5-db88ab4eef15","userId":"user1","items":[{"itemId":"5c0f4f16-690e-4dfb-9a2a-b0653a0ec414","productId":"laptop1","productName":"Gaming Laptop","quantity":1,"unitPrice":1299.99,"totalPrice":1299.99}],"total":1403.9892,"status":"CREATED","paymentId":null,"createdAt":"2025-12-10T21:11:38.5675208"},"timestamp":"2025-12-10T21:11:38.7191038"}
21:11:38.726 [Test worker] DEBUG c.testautomation.helpers.TestLogger - RESPONSE: Status=200, Body={"success":true,"code":"SUCCESS","message":"Operation completed successfully","data":{"orderId":"9a1b0af8-010c-49e5-9cc5-db88ab4eef15","userId":"user1","items":[{"itemId":"5c0f4f16-690e-4dfb-9a2a-b0653a0ec414","productId":"laptop1","productName":"Gaming Laptop","quantity":1,"unitPrice":1299.99,"totalPrice":1299.99}],"total":1403.9892,"status":"CREATED","paymentId":null,"createdAt":"2025-12-10T21:11:38.5675208"},"timestamp":"2025-12-10T21:11:38.7191038"}
READ ORDER Response: {"success":true,"code":"SUCCESS","message":"Operation completed successfully","data":{"orderId":"9a1b0af8-010c-49e5-9cc5-db88ab4eef15","userId":"user1","items":[{"itemId":"5c0f4f16-690e-4dfb-9a2a-b0653a0ec414","productId":"laptop1","productName":"Gaming Laptop","quantity":1,"unitPrice":1299.99,"totalPrice":1299.99}],"total":1403.9892,"status":"CREATED","paymentId":null,"createdAt":"2025-12-10T21:11:38.5675208"},"timestamp":"2025-12-10T21:11:38.7191038"}
21:11:38.785 [Test worker] INFO  c.testautomation.helpers.TestLogger - ========================================
21:11:38.785 [Test worker] INFO  c.testautomation.helpers.TestLogger - ========================================
21:11:38.786 [Test worker] INFO  c.testautomation.helpers.TestLogger - TEST END: order_read
21:11:38.786 [Test worker] INFO  c.testautomation.helpers.TestLogger - TEST END: order_read
21:11:38.786 [Test worker] INFO  c.testautomation.helpers.TestLogger - ========================================
21:11:38.786 [Test worker] INFO  c.testautomation.helpers.TestLogger - ========================================
21:11:38.799 [Test worker] INFO  c.testautomation.helpers.TestLogger - ========================================
21:11:38.799 [Test worker] INFO  c.testautomation.helpers.TestLogger - ========================================
21:11:38.800 [Test worker] INFO  c.testautomation.helpers.TestLogger - TEST START: order_update_status
21:11:38.800 [Test worker] INFO  c.testautomation.helpers.TestLogger - TEST START: order_update_status
21:11:38.801 [Test worker] INFO  c.testautomation.helpers.TestLogger - ========================================
21:11:38.801 [Test worker] INFO  c.testautomation.helpers.TestLogger - ========================================
21:11:38.803 [Test worker] DEBUG c.testautomation.helpers.TestLogger - API CALL: PUT /api/orders/9a1b0af8-010c-49e5-9cc5-db88ab4eef15/status
21:11:38.803 [Test worker] DEBUG c.testautomation.helpers.TestLogger - API CALL: PUT /api/orders/9a1b0af8-010c-49e5-9cc5-db88ab4eef15/status
Request method:	PUT
Request URI:	http://localhost:8080/api/api/orders/9a1b0af8-010c-49e5-9cc5-db88ab4eef15/status
Proxy:			<none>
Request params:	<none>
Query params:	<none>
Form params:	<none>
Path params:	<none>
Headers:		Accept=application/json
				Content-Type=application/json
Cookies:		<none>
Multiparts:		<none>
Body:
{
    "status": "CONFIRMED"
}
21:11:38.854 [Test worker] DEBUG c.testautomation.helpers.TestLogger - RESPONSE: Status=200, Body={"success":true,"code":"SUCCESS","message":"Operation completed successfully","data":{"orderId":"9a1b0af8-010c-49e5-9cc5-db88ab4eef15","status":"CONFIRMED","updatedAt":"2025-12-10T21:11:38.8505382"},"timestamp":"2025-12-10T21:11:38.8505382"}
21:11:38.854 [Test worker] DEBUG c.testautomation.helpers.TestLogger - RESPONSE: Status=200, Body={"success":true,"code":"SUCCESS","message":"Operation completed successfully","data":{"orderId":"9a1b0af8-010c-49e5-9cc5-db88ab4eef15","status":"CONFIRMED","updatedAt":"2025-12-10T21:11:38.8505382"},"timestamp":"2025-12-10T21:11:38.8505382"}
UPDATE ORDER STATUS Response: {"success":true,"code":"SUCCESS","message":"Operation completed successfully","data":{"orderId":"9a1b0af8-010c-49e5-9cc5-db88ab4eef15","status":"CONFIRMED","updatedAt":"2025-12-10T21:11:38.8505382"},"timestamp":"2025-12-10T21:11:38.8505382"}
21:11:38.883 [Test worker] INFO  c.testautomation.helpers.TestLogger - ========================================
21:11:38.883 [Test worker] INFO  c.testautomation.helpers.TestLogger - ========================================
21:11:38.884 [Test worker] INFO  c.testautomation.helpers.TestLogger - TEST END: order_update_status
21:11:38.884 [Test worker] INFO  c.testautomation.helpers.TestLogger - TEST END: order_update_status
21:11:38.885 [Test worker] INFO  c.testautomation.helpers.TestLogger - ========================================
21:11:38.885 [Test worker] INFO  c.testautomation.helpers.TestLogger - ========================================
21:11:38.899 [Test worker] INFO  c.testautomation.helpers.TestLogger - ========================================
21:11:38.899 [Test worker] INFO  c.testautomation.helpers.TestLogger - ========================================
21:11:38.899 [Test worker] INFO  c.testautomation.helpers.TestLogger - TEST START: order_verify
21:11:38.899 [Test worker] INFO  c.testautomation.helpers.TestLogger - TEST START: order_verify
21:11:38.900 [Test worker] INFO  c.testautomation.helpers.TestLogger - ========================================
21:11:38.900 [Test worker] INFO  c.testautomation.helpers.TestLogger - ========================================
21:11:38.900 [Test worker] DEBUG c.testautomation.helpers.TestLogger - API CALL: GET /api/orders/9a1b0af8-010c-49e5-9cc5-db88ab4eef15
21:11:38.900 [Test worker] DEBUG c.testautomation.helpers.TestLogger - API CALL: GET /api/orders/9a1b0af8-010c-49e5-9cc5-db88ab4eef15
Request method:	GET
Request URI:	http://localhost:8080/api/api/orders/9a1b0af8-010c-49e5-9cc5-db88ab4eef15
Proxy:			<none>
Request params:	<none>
Query params:	<none>
Form params:	<none>
Path params:	<none>
Headers:		Accept=application/json
				Content-Type=application/json
Cookies:		<none>
Multiparts:		<none>
Body:			<none>
21:11:38.938 [Test worker] DEBUG c.testautomation.helpers.TestLogger - RESPONSE: Status=200, Body={"success":true,"code":"SUCCESS","message":"Operation completed successfully","data":{"orderId":"9a1b0af8-010c-49e5-9cc5-db88ab4eef15","userId":"user1","items":[{"itemId":"5c0f4f16-690e-4dfb-9a2a-b0653a0ec414","productId":"laptop1","productName":"Gaming Laptop","quantity":1,"unitPrice":1299.99,"totalPrice":1299.99}],"total":1403.9892,"status":"CONFIRMED","paymentId":null,"createdAt":"2025-12-10T21:11:38.5675208"},"timestamp":"2025-12-10T21:11:38.934919"}
21:11:38.938 [Test worker] DEBUG c.testautomation.helpers.TestLogger - RESPONSE: Status=200, Body={"success":true,"code":"SUCCESS","message":"Operation completed successfully","data":{"orderId":"9a1b0af8-010c-49e5-9cc5-db88ab4eef15","userId":"user1","items":[{"itemId":"5c0f4f16-690e-4dfb-9a2a-b0653a0ec414","productId":"laptop1","productName":"Gaming Laptop","quantity":1,"unitPrice":1299.99,"totalPrice":1299.99}],"total":1403.9892,"status":"CONFIRMED","paymentId":null,"createdAt":"2025-12-10T21:11:38.5675208"},"timestamp":"2025-12-10T21:11:38.934919"}
VERIFY ORDER Response: {"success":true,"code":"SUCCESS","message":"Operation completed successfully","data":{"orderId":"9a1b0af8-010c-49e5-9cc5-db88ab4eef15","userId":"user1","items":[{"itemId":"5c0f4f16-690e-4dfb-9a2a-b0653a0ec414","productId":"laptop1","productName":"Gaming Laptop","quantity":1,"unitPrice":1299.99,"totalPrice":1299.99}],"total":1403.9892,"status":"CONFIRMED","paymentId":null,"createdAt":"2025-12-10T21:11:38.5675208"},"timestamp":"2025-12-10T21:11:38.934919"}
21:11:38.964 [Test worker] INFO  c.testautomation.helpers.TestLogger - ========================================
21:11:38.964 [Test worker] INFO  c.testautomation.helpers.TestLogger - ========================================
21:11:38.965 [Test worker] INFO  c.testautomation.helpers.TestLogger - TEST END: order_verify
21:11:38.965 [Test worker] INFO  c.testautomation.helpers.TestLogger - TEST END: order_verify
21:11:38.965 [Test worker] INFO  c.testautomation.helpers.TestLogger - ========================================
21:11:38.965 [Test worker] INFO  c.testautomation.helpers.TestLogger - ========================================
21:11:38.977 [Test worker] INFO  c.testautomation.helpers.TestLogger - ========================================
21:11:38.977 [Test worker] INFO  c.testautomation.helpers.TestLogger - ========================================
21:11:38.978 [Test worker] INFO  c.testautomation.helpers.TestLogger - TEST START: payment_process
21:11:38.978 [Test worker] INFO  c.testautomation.helpers.TestLogger - TEST START: payment_process
21:11:38.978 [Test worker] INFO  c.testautomation.helpers.TestLogger - ========================================
21:11:38.978 [Test worker] INFO  c.testautomation.helpers.TestLogger - ========================================
21:11:38.979 [Test worker] DEBUG c.testautomation.helpers.TestLogger - API CALL: POST /api/payments/process
21:11:38.979 [Test worker] DEBUG c.testautomation.helpers.TestLogger - API CALL: POST /api/payments/process
Request method:	POST
Request URI:	http://localhost:8080/api/api/payments/process
Proxy:			<none>
Request params:	<none>
Query params:	<none>
Form params:	<none>
Path params:	<none>
Headers:		Accept=application/json
				Content-Type=application/json
Cookies:		<none>
Multiparts:		<none>
Body:
{
    "orderId": "9a1b0af8-010c-49e5-9cc5-db88ab4eef15",
    "amount": 1403.9893
}
21:11:39.029 [Test worker] DEBUG c.testautomation.helpers.TestLogger - RESPONSE: Status=200, Body={"success":true,"code":"SUCCESS","message":"Operation completed successfully","data":{"amount":1403.9893,"paymentId":"3f015bfd-7868-45a4-9247-1772c2f4ca6c","status":"SUCCESS","orderId":"9a1b0af8-010c-49e5-9cc5-db88ab4eef15"},"timestamp":"2025-12-10T21:11:39.023102"}
21:11:39.029 [Test worker] DEBUG c.testautomation.helpers.TestLogger - RESPONSE: Status=200, Body={"success":true,"code":"SUCCESS","message":"Operation completed successfully","data":{"amount":1403.9893,"paymentId":"3f015bfd-7868-45a4-9247-1772c2f4ca6c","status":"SUCCESS","orderId":"9a1b0af8-010c-49e5-9cc5-db88ab4eef15"},"timestamp":"2025-12-10T21:11:39.023102"}
PROCESS PAYMENT Response: {"success":true,"code":"SUCCESS","message":"Operation completed successfully","data":{"amount":1403.9893,"paymentId":"3f015bfd-7868-45a4-9247-1772c2f4ca6c","status":"SUCCESS","orderId":"9a1b0af8-010c-49e5-9cc5-db88ab4eef15"},"timestamp":"2025-12-10T21:11:39.023102"}
21:11:39.052 [Test worker] INFO  c.testautomation.helpers.TestLogger - ========================================
21:11:39.052 [Test worker] INFO  c.testautomation.helpers.TestLogger - ========================================
21:11:39.052 [Test worker] INFO  c.testautomation.helpers.TestLogger - TEST END: payment_process
21:11:39.052 [Test worker] INFO  c.testautomation.helpers.TestLogger - TEST END: payment_process
21:11:39.052 [Test worker] INFO  c.testautomation.helpers.TestLogger - ========================================
21:11:39.052 [Test worker] INFO  c.testautomation.helpers.TestLogger - ========================================
21:11:39.064 [Test worker] INFO  c.testautomation.helpers.TestLogger - ========================================
21:11:39.064 [Test worker] INFO  c.testautomation.helpers.TestLogger - ========================================
21:11:39.064 [Test worker] INFO  c.testautomation.helpers.TestLogger - TEST START: payment_get_status
21:11:39.064 [Test worker] INFO  c.testautomation.helpers.TestLogger - TEST START: payment_get_status
21:11:39.065 [Test worker] INFO  c.testautomation.helpers.TestLogger - ========================================
21:11:39.065 [Test worker] INFO  c.testautomation.helpers.TestLogger - ========================================
21:11:39.065 [Test worker] DEBUG c.testautomation.helpers.TestLogger - API CALL: GET /api/payments/payment123/status
21:11:39.065 [Test worker] DEBUG c.testautomation.helpers.TestLogger - API CALL: GET /api/payments/payment123/status
Request method:	GET
Request URI:	http://localhost:8080/api/api/payments/payment123/status
Proxy:			<none>
Request params:	<none>
Query params:	<none>
Form params:	<none>
Path params:	<none>
Headers:		Accept=application/json
				Content-Type=application/json
Cookies:		<none>
Multiparts:		<none>
Body:			<none>
21:11:39.096 [Test worker] DEBUG c.testautomation.helpers.TestLogger - RESPONSE: Status=404, Body={"success":false,"code":"PAYMENT_NOT_FOUND","message":"Payment not found","data":{"paymentId":"payment123"},"timestamp":"2025-12-10T21:11:39.0912731"}
21:11:39.096 [Test worker] DEBUG c.testautomation.helpers.TestLogger - RESPONSE: Status=404, Body={"success":false,"code":"PAYMENT_NOT_FOUND","message":"Payment not found","data":{"paymentId":"payment123"},"timestamp":"2025-12-10T21:11:39.0912731"}
GET PAYMENT STATUS Response: {"success":false,"code":"PAYMENT_NOT_FOUND","message":"Payment not found","data":{"paymentId":"payment123"},"timestamp":"2025-12-10T21:11:39.0912731"}
21:11:39.097 [Test worker] INFO  c.testautomation.helpers.TestLogger - ========================================
21:11:39.097 [Test worker] INFO  c.testautomation.helpers.TestLogger - ========================================
21:11:39.098 [Test worker] INFO  c.testautomation.helpers.TestLogger - TEST END: payment_get_status
21:11:39.098 [Test worker] INFO  c.testautomation.helpers.TestLogger - TEST END: payment_get_status
21:11:39.098 [Test worker] INFO  c.testautomation.helpers.TestLogger - ========================================
21:11:39.098 [Test worker] INFO  c.testautomation.helpers.TestLogger - ========================================
21:11:39.108 [Test worker] INFO  c.testautomation.helpers.TestLogger - ========================================
21:11:39.108 [Test worker] INFO  c.testautomation.helpers.TestLogger - ========================================
21:11:39.108 [Test worker] INFO  c.testautomation.helpers.TestLogger - TEST START: negative_invalid_product
21:11:39.108 [Test worker] INFO  c.testautomation.helpers.TestLogger - TEST START: negative_invalid_product
21:11:39.109 [Test worker] INFO  c.testautomation.helpers.TestLogger - ========================================
21:11:39.109 [Test worker] INFO  c.testautomation.helpers.TestLogger - ========================================
21:11:39.109 [Test worker] DEBUG c.testautomation.helpers.TestLogger - API CALL: GET /api/inventory/invalid-product-xyz-999/status
21:11:39.109 [Test worker] DEBUG c.testautomation.helpers.TestLogger - API CALL: GET /api/inventory/invalid-product-xyz-999/status
Request method:	GET
Request URI:	http://localhost:8080/api/api/inventory/invalid-product-xyz-999/status
Proxy:			<none>
Request params:	<none>
Query params:	<none>
Form params:	<none>
Path params:	<none>
Headers:		Accept=application/json
				Content-Type=application/json
Cookies:		<none>
Multiparts:		<none>
Body:			<none>
21:11:39.142 [Test worker] DEBUG c.testautomation.helpers.TestLogger - RESPONSE: Status=404, Body={"success":false,"code":"PRODUCT_NOT_FOUND","message":"Product not found","data":{"productId":"invalid-product-xyz-999"},"timestamp":"2025-12-10T21:11:39.138053"}
21:11:39.142 [Test worker] DEBUG c.testautomation.helpers.TestLogger - RESPONSE: Status=404, Body={"success":false,"code":"PRODUCT_NOT_FOUND","message":"Product not found","data":{"productId":"invalid-product-xyz-999"},"timestamp":"2025-12-10T21:11:39.138053"}
GET INVALID INVENTORY Response: {"success":false,"code":"PRODUCT_NOT_FOUND","message":"Product not found","data":{"productId":"invalid-product-xyz-999"},"timestamp":"2025-12-10T21:11:39.138053"}
21:11:39.143 [Test worker] INFO  c.testautomation.helpers.TestLogger - ========================================
21:11:39.143 [Test worker] INFO  c.testautomation.helpers.TestLogger - ========================================
21:11:39.143 [Test worker] INFO  c.testautomation.helpers.TestLogger - TEST END: negative_invalid_product
21:11:39.143 [Test worker] INFO  c.testautomation.helpers.TestLogger - TEST END: negative_invalid_product
21:11:39.143 [Test worker] INFO  c.testautomation.helpers.TestLogger - ========================================
21:11:39.143 [Test worker] INFO  c.testautomation.helpers.TestLogger - ========================================
21:11:39.153 [Test worker] INFO  c.testautomation.helpers.TestLogger - ========================================
21:11:39.153 [Test worker] INFO  c.testautomation.helpers.TestLogger - ========================================
21:11:39.153 [Test worker] INFO  c.testautomation.helpers.TestLogger - TEST START: negative_invalid_quantity
21:11:39.153 [Test worker] INFO  c.testautomation.helpers.TestLogger - TEST START: negative_invalid_quantity
21:11:39.153 [Test worker] INFO  c.testautomation.helpers.TestLogger - ========================================
21:11:39.153 [Test worker] INFO  c.testautomation.helpers.TestLogger - ========================================
21:11:39.154 [Test worker] DEBUG c.testautomation.helpers.TestLogger - API CALL: PUT /api/inventory/laptop1/release
21:11:39.154 [Test worker] DEBUG c.testautomation.helpers.TestLogger - API CALL: PUT /api/inventory/laptop1/release
Request method:	PUT
Request URI:	http://localhost:8080/api/api/inventory/laptop1/release
Proxy:			<none>
Request params:	<none>
Query params:	<none>
Form params:	<none>
Path params:	<none>
Headers:		Accept=application/json
				Content-Type=application/json
Cookies:		<none>
Multiparts:		<none>
Body:
{
    "quantity": -1
}
21:11:39.186 [Test worker] DEBUG c.testautomation.helpers.TestLogger - RESPONSE: Status=400, Body={"success":false,"code":"INVALID_QUANTITY","message":"Quantity must be positive","data":{"provided":-1},"timestamp":"2025-12-10T21:11:39.1842401"}
21:11:39.186 [Test worker] DEBUG c.testautomation.helpers.TestLogger - RESPONSE: Status=400, Body={"success":false,"code":"INVALID_QUANTITY","message":"Quantity must be positive","data":{"provided":-1},"timestamp":"2025-12-10T21:11:39.1842401"}
RELEASE INVALID Response: {"success":false,"code":"INVALID_QUANTITY","message":"Quantity must be positive","data":{"provided":-1},"timestamp":"2025-12-10T21:11:39.1842401"}
21:11:39.187 [Test worker] INFO  c.testautomation.helpers.TestLogger - ========================================
21:11:39.187 [Test worker] INFO  c.testautomation.helpers.TestLogger - ========================================
21:11:39.188 [Test worker] INFO  c.testautomation.helpers.TestLogger - TEST END: negative_invalid_quantity
21:11:39.188 [Test worker] INFO  c.testautomation.helpers.TestLogger - TEST END: negative_invalid_quantity
21:11:39.188 [Test worker] INFO  c.testautomation.helpers.TestLogger - ========================================
21:11:39.188 [Test worker] INFO  c.testautomation.helpers.TestLogger - ========================================
21:11:39.198 [Test worker] INFO  c.testautomation.helpers.TestLogger - ========================================
21:11:39.198 [Test worker] INFO  c.testautomation.helpers.TestLogger - ========================================
21:11:39.198 [Test worker] INFO  c.testautomation.helpers.TestLogger - TEST START: negative_payment_missing_orderid
21:11:39.198 [Test worker] INFO  c.testautomation.helpers.TestLogger - TEST START: negative_payment_missing_orderid
21:11:39.198 [Test worker] INFO  c.testautomation.helpers.TestLogger - ========================================
21:11:39.198 [Test worker] INFO  c.testautomation.helpers.TestLogger - ========================================
21:11:39.199 [Test worker] DEBUG c.testautomation.helpers.TestLogger - API CALL: POST /api/payments/process
21:11:39.199 [Test worker] DEBUG c.testautomation.helpers.TestLogger - API CALL: POST /api/payments/process
Request method:	POST
Request URI:	http://localhost:8080/api/api/payments/process
Proxy:			<none>
Request params:	<none>
Query params:	<none>
Form params:	<none>
Path params:	<none>
Headers:		Accept=application/json
				Content-Type=application/json
Cookies:		<none>
Multiparts:		<none>
Body:
{
    "amount": 99.99
}
21:11:39.265 [Test worker] DEBUG c.testautomation.helpers.TestLogger - RESPONSE: Status=500, Body={"timestamp":"2025-12-10T20:11:39.254+00:00","status":500,"error":"Internal Server Error","message":"No message available","path":"/api/api/payments/process"}
21:11:39.265 [Test worker] DEBUG c.testautomation.helpers.TestLogger - RESPONSE: Status=500, Body={"timestamp":"2025-12-10T20:11:39.254+00:00","status":500,"error":"Internal Server Error","message":"No message available","path":"/api/api/payments/process"}
PAYMENT MISSING ORDERID Response: {"timestamp":"2025-12-10T20:11:39.254+00:00","status":500,"error":"Internal Server Error","message":"No message available","path":"/api/api/payments/process"}
21:11:39.266 [Test worker] INFO  c.testautomation.helpers.TestLogger - ========================================
21:11:39.266 [Test worker] INFO  c.testautomation.helpers.TestLogger - ========================================
21:11:39.266 [Test worker] INFO  c.testautomation.helpers.TestLogger - TEST END: negative_payment_missing_orderid
21:11:39.266 [Test worker] INFO  c.testautomation.helpers.TestLogger - TEST END: negative_payment_missing_orderid
21:11:39.267 [Test worker] INFO  c.testautomation.helpers.TestLogger - ========================================
21:11:39.267 [Test worker] INFO  c.testautomation.helpers.TestLogger - ========================================
]]></system-out>
  <system-err><![CDATA[]]></system-err>
</testsuite>
